[debug] [2023-09-14T14:16:35.153Z] ----------------------------------------------------------------------
[debug] [2023-09-14T14:16:35.155Z] Command:       C:\Program Files\nodejs\node.exe C:\Program Files\nodejs\node_modules\firebase-tools\lib\bin\firebase.js init --debug
[debug] [2023-09-14T14:16:35.155Z] CLI Version:   12.5.4
[debug] [2023-09-14T14:16:35.155Z] Platform:      win32
[debug] [2023-09-14T14:16:35.155Z] Node Version:  v16.16.0
[debug] [2023-09-14T14:16:35.156Z] Time:          Thu Sep 14 2023 19:46:35 GMT+0530 (India Standard Time)
[debug] [2023-09-14T14:16:35.156Z] ----------------------------------------------------------------------
[debug] 
[debug] [2023-09-14T14:16:35.240Z] > command requires scopes: ["email","openid","https://www.googleapis.com/auth/cloudplatformprojects.readonly","https://www.googleapis.com/auth/firebase","https://www.googleapis.com/auth/cloud-platform"]
[debug] [2023-09-14T14:16:35.241Z] > authorizing via signed-in user (singhrishabh1670@gmail.com)
[info] 
     ######## #### ########  ######## ########     ###     ######  ########
     ##        ##  ##     ## ##       ##     ##  ##   ##  ##       ##
     ######    ##  ########  ######   ########  #########  ######  ######
     ##        ##  ##    ##  ##       ##     ## ##     ##       ## ##
     ##       #### ##     ## ######## ########  ##     ##  ######  ########

You're about to initialize a Firebase project in this directory:

  E:\DevFest-Bhilai-2023

Before we get started, keep in mind:

  * You are initializing within an existing Firebase project directory

[info] 
=== Project Setup
[info] 
[info] First, let's associate this project directory with a Firebase project.
[info] You can create multiple project aliases by running firebase use --add, 
[info] but for now we'll just set up a default project.
[info] 
[debug] [2023-09-14T14:16:45.512Z] Using project from CLI flag: devfest-2023-6c355
[debug] [2023-09-14T14:16:45.514Z] >>> [apiv2][query] GET https://firebase.googleapis.com/v1beta1/projects/devfest-2023-6c355 [none]
[debug] [2023-09-14T14:16:46.362Z] <<< [apiv2][status] GET https://firebase.googleapis.com/v1beta1/projects/devfest-2023-6c355 200
[debug] [2023-09-14T14:16:46.363Z] <<< [apiv2][body] GET https://firebase.googleapis.com/v1beta1/projects/devfest-2023-6c355 {"projectId":"devfest-2023-6c355","projectNumber":"459131402196","displayName":"DevFest 2023","name":"projects/devfest-2023-6c355","resources":{"hostingSite":"devfest-2023-6c355"},"state":"ACTIVE","etag":"1_67ce72f4-5f6f-4760-a724-cd37ba6806ae"}
[info] i  Using project devfest-2023-6c355 (DevFest 2023) 
[info] 
=== Hosting Setup
[info] 
[info] Your public directory is the folder (relative to your project directory) that
[info] will contain Hosting assets to be uploaded with firebase deploy. If you
[info] have a build process for your assets, use your build's output directory.
[info] 
[debug] [2023-09-14T14:16:53.041Z] >>> [apiv2][query] GET https://www.gstatic.com/firebasejs/releases.json [none]
[debug] [2023-09-14T14:16:53.507Z] <<< [apiv2][status] GET https://www.gstatic.com/firebasejs/releases.json 200
[debug] [2023-09-14T14:16:53.508Z] <<< [apiv2][body] GET https://www.gstatic.com/firebasejs/releases.json {"current":{"version":"10.3.1","browserURL":"https://www.gstatic.com/firebasejs/10.3.1/firebase.js","packageURL":"https://www.gstatic.com/firebasejs/10.3.1/firebase.tgz"},"live":{"version":"10.3","browserURL":"https://www.gstatic.com/firebasejs/live/10.3/firebase.js","packageURL":"https://www.gstatic.com/firebasejs/live/10.3/firebase.tgz"},"components":{"analytics":"https://www.gstatic.com/firebasejs/10.3.1/firebase-analytics.js","app":"https://www.gstatic.com/firebasejs/10.3.1/firebase-app.js","app-check":"https://www.gstatic.com/firebasejs/10.3.1/firebase-app-check.js","auth":"https://www.gstatic.com/firebasejs/10.3.1/firebase-auth.js","auth/cordova":"https://www.gstatic.com/firebasejs/10.3.1/firebase-auth/cordova.js","functions":"https://www.gstatic.com/firebasejs/10.3.1/firebase-functions.js","firestore":"https://www.gstatic.com/firebasejs/10.3.1/firebase-firestore.js","firestore/lite":"https://www.gstatic.com/firebasejs/10.3.1/firebase-firestore/lite.js","installations":"https://www.gstatic.com/firebasejs/10.3.1/firebase-installations.js","storage":"https://www.gstatic.com/firebasejs/10.3.1/firebase-storage.js","performance":"https://www.gstatic.com/firebasejs/10.3.1/firebase-performance.js","remote-config":"https://www.gstatic.com/firebasejs/10.3.1/firebase-remote-config.js","messaging":"https://www.gstatic.com/firebasejs/10.3.1/firebase-messaging.js","messaging/sw":"https://www.gstatic.com/firebasejs/10.3.1/firebase-messaging/sw.js","database":"https://www.gstatic.com/firebasejs/10.3.1/firebase-database.js","firestore.memory":"https://www.gstatic.com/firebasejs/10.3.1/firebase-firestore.memory.js"}}
[info] +  Wrote dist/index.html 
[info] 
[info] i  Writing configuration info to firebase.json... 
[info] i  Writing project information to .firebaserc... 
[info] 
[info] +  Firebase initialization complete! 
[debug] [2023-09-14T14:17:04.710Z] ----------------------------------------------------------------------
[debug] [2023-09-14T14:17:04.712Z] Command:       C:\Program Files\nodejs\node.exe C:\Program Files\nodejs\node_modules\firebase-tools\lib\bin\firebase.js deploy
[debug] [2023-09-14T14:17:04.712Z] CLI Version:   12.5.4
[debug] [2023-09-14T14:17:04.712Z] Platform:      win32
[debug] [2023-09-14T14:17:04.712Z] Node Version:  v16.16.0
[debug] [2023-09-14T14:17:04.713Z] Time:          Thu Sep 14 2023 19:47:04 GMT+0530 (India Standard Time)
[debug] [2023-09-14T14:17:04.713Z] ----------------------------------------------------------------------
[debug] 
[debug] [2023-09-14T14:17:04.784Z] > command requires scopes: ["email","openid","https://www.googleapis.com/auth/cloudplatformprojects.readonly","https://www.googleapis.com/auth/firebase","https://www.googleapis.com/auth/cloud-platform"]
[debug] [2023-09-14T14:17:04.784Z] > authorizing via signed-in user (singhrishabh1670@gmail.com)
[debug] [2023-09-14T14:17:04.784Z] [iam] checking project devfest-2023-6c355 for permissions ["firebase.projects.get","firebasehosting.sites.update"]
[debug] [2023-09-14T14:17:04.786Z] >>> [apiv2][query] POST https://cloudresourcemanager.googleapis.com/v1/projects/devfest-2023-6c355:testIamPermissions [none]
[debug] [2023-09-14T14:17:04.786Z] >>> [apiv2][(partial)header] POST https://cloudresourcemanager.googleapis.com/v1/projects/devfest-2023-6c355:testIamPermissions x-goog-quota-user=projects/devfest-2023-6c355
[debug] [2023-09-14T14:17:04.786Z] >>> [apiv2][body] POST https://cloudresourcemanager.googleapis.com/v1/projects/devfest-2023-6c355:testIamPermissions {"permissions":["firebase.projects.get","firebasehosting.sites.update"]}
[debug] [2023-09-14T14:17:06.455Z] <<< [apiv2][status] POST https://cloudresourcemanager.googleapis.com/v1/projects/devfest-2023-6c355:testIamPermissions 200
[debug] [2023-09-14T14:17:06.456Z] <<< [apiv2][body] POST https://cloudresourcemanager.googleapis.com/v1/projects/devfest-2023-6c355:testIamPermissions {"permissions":["firebase.projects.get","firebasehosting.sites.update"]}
[debug] [2023-09-14T14:17:06.457Z] >>> [apiv2][query] GET https://firebase.googleapis.com/v1beta1/projects/devfest-2023-6c355 [none]
[debug] [2023-09-14T14:17:16.586Z] *** [apiv2] error from fetch(https://firebase.googleapis.com/v1beta1/projects/devfest-2023-6c355, {"headers":{},"method":"GET","signal":{}}): FetchError: request to https://firebase.googleapis.com/v1beta1/projects/devfest-2023-6c355 failed, reason: read ECONNRESET
[debug] [2023-09-14T14:17:16.587Z] Failed to make request to https://firebase.googleapis.com/v1beta1/projects/devfest-2023-6c355 (original: request to https://firebase.googleapis.com/v1beta1/projects/devfest-2023-6c355 failed, reason: read ECONNRESET)
[debug] [2023-09-14T14:17:16.970Z] FirebaseError: Failed to make request to https://firebase.googleapis.com/v1beta1/projects/devfest-2023-6c355
    at RetryOperation._fn (C:\Users\singh\AppData\Roaming\nvm\v16.16.0\node_modules\firebase-tools\lib\apiv2.js:239:31)
    at processTicksAndRejections (node:internal/process/task_queues:96:5)
[error] 
[error] Error: Failed to get Firebase project devfest-2023-6c355. Please make sure the project exists and your account has permission to access it.
